<?xml version="1.0" encoding="UTF-8"?>
<!-- Generated by org.testng.reporters.JUnitReportReporter -->
<testsuite hostname="shubhank-X510UNR" failures="0" tests="1" name="Maven_Project.Project.App" time="3.035" errors="0" timestamp="2023-10-30T18:18:02 IST" skipped="0">
  <testcase classname="Maven_Project.Project.App" name="testDynamicTable" time="3.035"/>
</testsuite> <!-- Maven_Project.Project.App -->
